Using pre-set license
Built from '2022.3/staging' branch; Version is '2022.3.21f1 (bf09ca542b87) revision 12519882'; Using compiler version '192829333'; Build Type 'Release'
OS: 'Windows 10  (10.0.19045) 64bit CoreSingleLanguage' Language: 'uk' Physical Memory: 10167 MB
BatchMode: 1, IsHumanControllingUs: 0, StartBugReporterOnCrash: 0, Is64bit: 1, IsPro: 1

COMMAND LINE ARGUMENTS:
C:\Program Files\Unity\Hub\Editor\2022.3.21f1\Editor\Unity.exe
-adb2
-batchMode
-noUpm
-name
AssetImportWorker1
-projectPath
D:/Virtual technologies/Corsework/Corsework2
-logFile
Logs/AssetImportWorker1.log
-srvPort
50114
Successfully changed project path to: D:/Virtual technologies/Corsework/Corsework2
D:/Virtual technologies/Corsework/Corsework2
[UnityMemory] Configuration Parameters - Can be set up in boot.config
    "memorysetup-bucket-allocator-granularity=16"
    "memorysetup-bucket-allocator-bucket-count=8"
    "memorysetup-bucket-allocator-block-size=33554432"
    "memorysetup-bucket-allocator-block-count=8"
    "memorysetup-main-allocator-block-size=16777216"
    "memorysetup-thread-allocator-block-size=16777216"
    "memorysetup-gfx-main-allocator-block-size=16777216"
    "memorysetup-gfx-thread-allocator-block-size=16777216"
    "memorysetup-cache-allocator-block-size=4194304"
    "memorysetup-typetree-allocator-block-size=2097152"
    "memorysetup-profiler-bucket-allocator-granularity=16"
    "memorysetup-profiler-bucket-allocator-bucket-count=8"
    "memorysetup-profiler-bucket-allocator-block-size=33554432"
    "memorysetup-profiler-bucket-allocator-block-count=8"
    "memorysetup-profiler-allocator-block-size=16777216"
    "memorysetup-profiler-editor-allocator-block-size=1048576"
    "memorysetup-temp-allocator-size-main=16777216"
    "memorysetup-job-temp-allocator-block-size=2097152"
    "memorysetup-job-temp-allocator-block-size-background=1048576"
    "memorysetup-job-temp-allocator-reduction-small-platforms=262144"
    "memorysetup-allocator-temp-initial-block-size-main=262144"
    "memorysetup-allocator-temp-initial-block-size-worker=262144"
    "memorysetup-temp-allocator-size-background-worker=32768"
    "memorysetup-temp-allocator-size-job-worker=262144"
    "memorysetup-temp-allocator-size-preload-manager=33554432"
    "memorysetup-temp-allocator-size-nav-mesh-worker=65536"
    "memorysetup-temp-allocator-size-audio-worker=65536"
    "memorysetup-temp-allocator-size-cloud-worker=32768"
    "memorysetup-temp-allocator-size-gi-baking-worker=262144"
    "memorysetup-temp-allocator-size-gfx=262144"
Player connection [11776] Host "[IP] 192.168.56.1 [Port] 0 [Flags] 2 [Guid] 414605644 [EditorId] 414605644 [Version] 1048832 [Id] WindowsEditor(7,DESKTOP-V95M2N6) [Debug] 1 [PackageName] WindowsEditor [ProjectName] Editor" joined multi-casting on [225.0.0.222:54997]...

Player connection [11776] Host "[IP] 192.168.56.1 [Port] 0 [Flags] 2 [Guid] 414605644 [EditorId] 414605644 [Version] 1048832 [Id] WindowsEditor(7,DESKTOP-V95M2N6) [Debug] 1 [PackageName] WindowsEditor [ProjectName] Editor" joined alternative multi-casting on [225.0.0.222:34997]...

[Physics::Module] Initialized MultithreadedJobDispatcher with 7 workers.
Refreshing native plugins compatible for Editor in 22.89 ms, found 3 plugins.
Preloading 0 native plugins for Editor in 0.00 ms.
Initialize engine version: 2022.3.21f1 (bf09ca542b87)
[Subsystems] Discovering subsystems at path C:/Program Files/Unity/Hub/Editor/2022.3.21f1/Editor/Data/Resources/UnitySubsystems
[Subsystems] Discovering subsystems at path D:/Virtual technologies/Corsework/Corsework2/Assets
GfxDevice: creating device client; threaded=0; jobified=0
Direct3D:
    Version:  Direct3D 11.0 [level 11.1]
    Renderer: AMD Radeon(TM) Vega 8 Graphics (ID=0x15d8)
    Vendor:   ATI
    VRAM:     5083 MB
    Driver:   27.20.1026.1
Initialize mono
Mono path[0] = 'C:/Program Files/Unity/Hub/Editor/2022.3.21f1/Editor/Data/Managed'
Mono path[1] = 'C:/Program Files/Unity/Hub/Editor/2022.3.21f1/Editor/Data/MonoBleedingEdge/lib/mono/unityjit-win32'
Mono config path = 'C:/Program Files/Unity/Hub/Editor/2022.3.21f1/Editor/Data/MonoBleedingEdge/etc'
Using monoOptions --debugger-agent=transport=dt_socket,embedding=1,server=y,suspend=n,address=127.0.0.1:56252
Begin MonoManager ReloadAssembly
Registering precompiled unity dll's ...
Register platform support module: C:/Program Files/Unity/Hub/Editor/2022.3.21f1/Editor/Data/PlaybackEngines/AndroidPlayer/UnityEditor.Android.Extensions.dll
Register platform support module: C:/Program Files/Unity/Hub/Editor/2022.3.21f1/Editor/Data/PlaybackEngines/WindowsStandaloneSupport/UnityEditor.WindowsStandalone.Extensions.dll
Register platform support module: C:/Program Files/Unity/Hub/Editor/2022.3.21f1/Editor/Data/PlaybackEngines/MetroSupport/UnityEditor.UWP.Extensions.dll
Registered in 0.029918 seconds.
- Loaded All Assemblies, in  0.805 seconds
Native extension for UWP target not found
Native extension for WindowsStandalone target not found
Native extension for Android target not found
Android Extension - Scanning For ADB Devices 462 ms
Mono: successfully reloaded assembly
- Finished resetting the current domain, in  1.244 seconds
Domain Reload Profiling: 2045ms
	BeginReloadAssembly (242ms)
		ExecutionOrderSort (0ms)
		DisableScriptedObjects (0ms)
		BackupInstance (0ms)
		ReleaseScriptingObjects (0ms)
		CreateAndSetChildDomain (1ms)
	RebuildCommonClasses (77ms)
	RebuildNativeTypeToScriptingClass (23ms)
	initialDomainReloadingComplete (137ms)
	LoadAllAssembliesAndSetupDomain (320ms)
		LoadAssemblies (238ms)
		RebuildTransferFunctionScriptingTraits (0ms)
		AnalyzeDomain (315ms)
			TypeCache.Refresh (312ms)
				TypeCache.ScanAssembly (283ms)
			ScanForSourceGeneratedMonoScriptInfo (1ms)
			ResolveRequiredComponents (1ms)
	FinalizeReload (1245ms)
		ReleaseScriptCaches (0ms)
		RebuildScriptCaches (0ms)
		SetupLoadedEditorAssemblies (1114ms)
			LogAssemblyErrors (0ms)
			InitializePlatformSupportModulesInManaged (748ms)
			SetLoadedEditorAssemblies (8ms)
			RefreshPlugins (0ms)
			BeforeProcessingInitializeOnLoad (4ms)
			ProcessInitializeOnLoadAttributes (262ms)
			ProcessInitializeOnLoadMethodAttributes (91ms)
			AfterProcessingInitializeOnLoad (0ms)
			EditorAssembliesLoaded (0ms)
		ExecutionOrderSort2 (0ms)
		AwakeInstancesAfterBackupRestoration (0ms)
========================================================================
Worker process is ready to serve import requests
Begin MonoManager ReloadAssembly
- Loaded All Assemblies, in  1.076 seconds
Refreshing native plugins compatible for Editor in 4.58 ms, found 3 plugins.
Native extension for UWP target not found
Native extension for WindowsStandalone target not found
Native extension for Android target not found
Package Manager log level set to [2]
[Package Manager] Server::EnsureServerProcessIsRunning -- launch failed, reason: Unity was launched with the -noUpm command-line argument
[Package Manager] UpmClient::Send -- Unable to send message (not connected to UPM process).
[Package Manager] Cannot connect to Unity Package Manager local server
Mono: successfully reloaded assembly
- Finished resetting the current domain, in  1.450 seconds
Domain Reload Profiling: 2523ms
	BeginReloadAssembly (225ms)
		ExecutionOrderSort (0ms)
		DisableScriptedObjects (9ms)
		BackupInstance (0ms)
		ReleaseScriptingObjects (0ms)
		CreateAndSetChildDomain (33ms)
	RebuildCommonClasses (63ms)
	RebuildNativeTypeToScriptingClass (16ms)
	initialDomainReloadingComplete (69ms)
	LoadAllAssembliesAndSetupDomain (700ms)
		LoadAssemblies (473ms)
		RebuildTransferFunctionScriptingTraits (0ms)
		AnalyzeDomain (360ms)
			TypeCache.Refresh (315ms)
				TypeCache.ScanAssembly (279ms)
			ScanForSourceGeneratedMonoScriptInfo (34ms)
			ResolveRequiredComponents (10ms)
	FinalizeReload (1451ms)
		ReleaseScriptCaches (0ms)
		RebuildScriptCaches (0ms)
		SetupLoadedEditorAssemblies (1165ms)
			LogAssemblyErrors (0ms)
			InitializePlatformSupportModulesInManaged (151ms)
			SetLoadedEditorAssemblies (6ms)
			RefreshPlugins (0ms)
			BeforeProcessingInitializeOnLoad (88ms)
			ProcessInitializeOnLoadAttributes (861ms)
			ProcessInitializeOnLoadMethodAttributes (41ms)
			AfterProcessingInitializeOnLoad (18ms)
			EditorAssembliesLoaded (0ms)
		ExecutionOrderSort2 (0ms)
		AwakeInstancesAfterBackupRestoration (12ms)
Launched and connected shader compiler UnityShaderCompiler.exe after 0.09 seconds
Refreshing native plugins compatible for Editor in 5.50 ms, found 3 plugins.
Preloading 0 native plugins for Editor in 0.00 ms.
Unloading 3498 Unused Serialized files (Serialized files now loaded: 0)
Unloading 49 unused Assets / (89.5 KB). Loaded Objects now: 3954.
Memory consumption went from 140.2 MB to 140.1 MB.
Total: 5.060100 ms (FindLiveObjects: 0.478600 ms CreateObjectMapping: 0.279100 ms MarkObjects: 4.102500 ms  DeleteObjects: 0.198100 ms)

AssetImportParameters requested are different than current active one (requested -> active):
  custom:container-demuxer-ogg: 62fdf1f143b41e24485cea50d1cbac27 -> 
  custom:video-decoder-ogg-theora: a1e56fd34408186e4bbccfd4996cb3dc -> 
  custom:framework-win-MediaFoundation: 216162199b28c13a410421893ffa2e32 -> 
  custom:CustomObjectIndexerAttribute: 9a22284fe3817be447336de3de66b15e -> 
  custom:container-demuxer-webm: 4f35f7cbe854078d1ac9338744f61a02 -> 
  custom:container-muxer-webm: aa71ff27fc2769a1b78a27578f13a17b -> 
  custom:video-decoder-webm-vp8: 9c59270c3fd7afecdb556c50c9e8de78 -> 
  custom:SearchIndexIgnoredProperties: e643bd26f0fe6173181afceb89e7c659 -> 
  custom:AudioImporter_EditorPlatform: d09bf68614088b80899f8185d706f6e7 -> 
  custom:video-encoder-webm-vp8: eb34c28f22e8b96e1ab97ce403110664 -> 
  custom:audio-decoder-ogg-vorbis: bf7c407c2cedff20999df2af8eb42d56 -> 
  custom:audio-encoder-webm-vorbis: bf7c407c2cedff20999df2af8eb42d56 -> 
========================================================================
Received Import Request.
  Time since last request: 4034.687222 seconds.
  path: Assets/Scenes/Bush.unity
  artifactKey: Guid(67d5f914acc475049a27e5037c402fc5) Importer(815301076,1909f56bfc062723c751e8b465ee728b)
Start importing Assets/Scenes/Bush.unity using Guid(67d5f914acc475049a27e5037c402fc5) Importer(815301076,1909f56bfc062723c751e8b465ee728b)  -> (artifact id: '7157648270162639634bab85c94deacd') in 0.002593 seconds
Number of updated asset objects reloaded before import = 0
Number of asset objects unloaded after import = 0
========================================================================
Received Prepare
Begin MonoManager ReloadAssembly
- Loaded All Assemblies, in  6.532 seconds
Refreshing native plugins compatible for Editor in 8.98 ms, found 3 plugins.
Native extension for UWP target not found
Native extension for WindowsStandalone target not found
Native extension for Android target not found
[Package Manager] Server::EnsureServerProcessIsRunning -- launch failed, reason: Unity was launched with the -noUpm command-line argument
[Package Manager] UpmClient::Send -- Unable to send message (not connected to UPM process).
[Package Manager] Cannot connect to Unity Package Manager local server
Mono: successfully reloaded assembly
- Finished resetting the current domain, in 27.378 seconds
Domain Reload Profiling: 33904ms
	BeginReloadAssembly (427ms)
		ExecutionOrderSort (0ms)
		DisableScriptedObjects (18ms)
		BackupInstance (0ms)
		ReleaseScriptingObjects (0ms)
		CreateAndSetChildDomain (114ms)
	RebuildCommonClasses (83ms)
	RebuildNativeTypeToScriptingClass (27ms)
	initialDomainReloadingComplete (99ms)
	LoadAllAssembliesAndSetupDomain (5889ms)
		LoadAssemblies (6058ms)
		RebuildTransferFunctionScriptingTraits (0ms)
		AnalyzeDomain (61ms)
			TypeCache.Refresh (25ms)
				TypeCache.ScanAssembly (4ms)
			ScanForSourceGeneratedMonoScriptInfo (16ms)
			ResolveRequiredComponents (16ms)
	FinalizeReload (27379ms)
		ReleaseScriptCaches (0ms)
		RebuildScriptCaches (0ms)
		SetupLoadedEditorAssemblies (1943ms)
			LogAssemblyErrors (0ms)
			InitializePlatformSupportModulesInManaged (87ms)
			SetLoadedEditorAssemblies (12ms)
			RefreshPlugins (0ms)
			BeforeProcessingInitializeOnLoad (192ms)
			ProcessInitializeOnLoadAttributes (1567ms)
			ProcessInitializeOnLoadMethodAttributes (62ms)
			AfterProcessingInitializeOnLoad (21ms)
			EditorAssembliesLoaded (1ms)
		ExecutionOrderSort2 (0ms)
		AwakeInstancesAfterBackupRestoration (25ms)
Refreshing native plugins compatible for Editor in 10.40 ms, found 3 plugins.
Preloading 0 native plugins for Editor in 0.00 ms.
Unloading 3475 Unused Serialized files (Serialized files now loaded: 0)
Unloading 37 unused Assets / (62.7 KB). Loaded Objects now: 3960.
Memory consumption went from 137.0 MB to 136.9 MB.
Total: 7.375900 ms (FindLiveObjects: 0.759200 ms CreateObjectMapping: 0.569400 ms MarkObjects: 5.755500 ms  DeleteObjects: 0.289000 ms)

Prepare: number of updated asset objects reloaded= 0
AssetImportParameters requested are different than current active one (requested -> active):
  custom:container-demuxer-ogg: 62fdf1f143b41e24485cea50d1cbac27 -> 
  custom:video-decoder-ogg-theora: a1e56fd34408186e4bbccfd4996cb3dc -> 
  custom:framework-win-MediaFoundation: 216162199b28c13a410421893ffa2e32 -> 
  custom:CustomObjectIndexerAttribute: 9a22284fe3817be447336de3de66b15e -> 
  custom:container-demuxer-webm: 4f35f7cbe854078d1ac9338744f61a02 -> 
  custom:container-muxer-webm: aa71ff27fc2769a1b78a27578f13a17b -> 
  custom:video-decoder-webm-vp8: 9c59270c3fd7afecdb556c50c9e8de78 -> 
  custom:SearchIndexIgnoredProperties: e643bd26f0fe6173181afceb89e7c659 -> 
  custom:AudioImporter_EditorPlatform: d09bf68614088b80899f8185d706f6e7 -> 
  custom:video-encoder-webm-vp8: eb34c28f22e8b96e1ab97ce403110664 -> 
  custom:audio-decoder-ogg-vorbis: bf7c407c2cedff20999df2af8eb42d56 -> 
  custom:audio-encoder-webm-vorbis: bf7c407c2cedff20999df2af8eb42d56 -> 
========================================================================
Received Import Request.
  Time since last request: 9566.408681 seconds.
  path: Assets/BiteMe Games/Chinese Music/Music/Dragon Dance.wav
  artifactKey: Guid(b85e293f85723d64683a23d48250b560) Importer(815301076,1909f56bfc062723c751e8b465ee728b)
Start importing Assets/BiteMe Games/Chinese Music/Music/Dragon Dance.wav using Guid(b85e293f85723d64683a23d48250b560) Importer(815301076,1909f56bfc062723c751e8b465ee728b)  -> (artifact id: '6081f43baa92c483b5d453b65e98b068') in 0.786632 seconds
Number of updated asset objects reloaded before import = 0
Number of asset objects unloaded after import = 2
========================================================================
Received Import Request.
  Time since last request: 0.000093 seconds.
  path: Assets/BiteMe Games/Chinese Music/Music/Dragon Dance - Loop.wav
  artifactKey: Guid(7e343a3f23690334b80a8f00588229c2) Importer(815301076,1909f56bfc062723c751e8b465ee728b)
Start importing Assets/BiteMe Games/Chinese Music/Music/Dragon Dance - Loop.wav using Guid(7e343a3f23690334b80a8f00588229c2) Importer(815301076,1909f56bfc062723c751e8b465ee728b)  -> (artifact id: 'f0f3271e879b382f5ff1bc96810f9f0e') in 0.672444 seconds
Number of updated asset objects reloaded before import = 0
Number of asset objects unloaded after import = 2
========================================================================
Received Import Request.
  Time since last request: 267.400668 seconds.
  path: Assets/RPG Starter Pack III/Adventurer's Anthem/Adventurer's_Anthem_[Full Song].wav
  artifactKey: Guid(49f2a13c5d4978e4fb5e3dbf20b5570b) Importer(815301076,1909f56bfc062723c751e8b465ee728b)
Start importing Assets/RPG Starter Pack III/Adventurer's Anthem/Adventurer's_Anthem_[Full Song].wav using Guid(49f2a13c5d4978e4fb5e3dbf20b5570b) Importer(815301076,1909f56bfc062723c751e8b465ee728b)  -> (artifact id: '360209f0c0fd79177e67308125fa2e93') in 0.039710 seconds
Number of updated asset objects reloaded before import = 0
Number of asset objects unloaded after import = 2
========================================================================
Received Import Request.
  Time since last request: 0.000221 seconds.
  path: Assets/RPG Starter Pack III/Adventurer's Anthem/Adventurer's_Anthem_[Medium].wav
  artifactKey: Guid(5012b576b394c754e871eaccf6f4a438) Importer(815301076,1909f56bfc062723c751e8b465ee728b)
Start importing Assets/RPG Starter Pack III/Adventurer's Anthem/Adventurer's_Anthem_[Medium].wav using Guid(5012b576b394c754e871eaccf6f4a438) Importer(815301076,1909f56bfc062723c751e8b465ee728b)  -> (artifact id: 'b225c725deed15fd62617f2e316be208') in 0.035810 seconds
Number of updated asset objects reloaded before import = 0
Number of asset objects unloaded after import = 2
========================================================================
Received Import Request.
  Time since last request: 22.529144 seconds.
  path: Assets/RPG Starter Pack III/Legendary Age/Legendary_Age_[Full Song].wav
  artifactKey: Guid(a0d10098993ff6145bea4e3869f11962) Importer(815301076,1909f56bfc062723c751e8b465ee728b)
Start importing Assets/RPG Starter Pack III/Legendary Age/Legendary_Age_[Full Song].wav using Guid(a0d10098993ff6145bea4e3869f11962) Importer(815301076,1909f56bfc062723c751e8b465ee728b)  -> (artifact id: '58ebea07f62ee8ae6689f7725b3d84ec') in 0.061832 seconds
Number of updated asset objects reloaded before import = 0
Number of asset objects unloaded after import = 2
========================================================================
Received Import Request.
  Time since last request: 0.000051 seconds.
  path: Assets/RPG Starter Pack III/Legendary Age/Legendary_Age_[Light].wav
  artifactKey: Guid(353c0e5c01766244bb5ea8d1c24fbef0) Importer(815301076,1909f56bfc062723c751e8b465ee728b)
Start importing Assets/RPG Starter Pack III/Legendary Age/Legendary_Age_[Light].wav using Guid(353c0e5c01766244bb5ea8d1c24fbef0) Importer(815301076,1909f56bfc062723c751e8b465ee728b)  -> (artifact id: 'b535e7e848e82bdddfdb3b47cbb32afc') in 0.034234 seconds
Number of updated asset objects reloaded before import = 0
Number of asset objects unloaded after import = 2
========================================================================
Received Import Request.
  Time since last request: 15.691400 seconds.
  path: Assets/RPG Starter Pack III/Prelude to War/Prelude_to_War_[Full Song].wav
  artifactKey: Guid(0e8df9c4a69f39e46ba24de4bac499b3) Importer(815301076,1909f56bfc062723c751e8b465ee728b)
Start importing Assets/RPG Starter Pack III/Prelude to War/Prelude_to_War_[Full Song].wav using Guid(0e8df9c4a69f39e46ba24de4bac499b3) Importer(815301076,1909f56bfc062723c751e8b465ee728b)  -> (artifact id: 'ed14c635228b9afb9f14c779a58936d8') in 0.043373 seconds
Number of updated asset objects reloaded before import = 0
Number of asset objects unloaded after import = 2
========================================================================
Received Import Request.
  Time since last request: 0.000071 seconds.
  path: Assets/RPG Starter Pack III/Prelude to War/Prelude_to_War_[Medium].wav
  artifactKey: Guid(8cf282cb63ce9b144abac38555eef9fc) Importer(815301076,1909f56bfc062723c751e8b465ee728b)
Start importing Assets/RPG Starter Pack III/Prelude to War/Prelude_to_War_[Medium].wav using Guid(8cf282cb63ce9b144abac38555eef9fc) Importer(815301076,1909f56bfc062723c751e8b465ee728b)  -> (artifact id: '95577eac2795160ed7716c10ce0a4f8b') in 0.035483 seconds
Number of updated asset objects reloaded before import = 0
Number of asset objects unloaded after import = 2
========================================================================
Received Import Request.
  Time since last request: 21.156809 seconds.
  path: Assets/RPG Starter Pack III/Serenade of Dreams/Serenade_of_Dreams_[Full Song].wav
  artifactKey: Guid(5ce4093ce77c3ad4b8354177963f2295) Importer(815301076,1909f56bfc062723c751e8b465ee728b)
Start importing Assets/RPG Starter Pack III/Serenade of Dreams/Serenade_of_Dreams_[Full Song].wav using Guid(5ce4093ce77c3ad4b8354177963f2295) Importer(815301076,1909f56bfc062723c751e8b465ee728b)  -> (artifact id: '948e1e6229acd67d1a1dfcd34070b423') in 0.036496 seconds
Number of updated asset objects reloaded before import = 0
Number of asset objects unloaded after import = 2
========================================================================
Received Import Request.
  Time since last request: 0.000130 seconds.
  path: Assets/RPG Starter Pack III/Serenade of Dreams/Serenade_of_Dreams_[Piano Only].wav
  artifactKey: Guid(05f9219fe9c6de141a639566d33c0f7d) Importer(815301076,1909f56bfc062723c751e8b465ee728b)
Start importing Assets/RPG Starter Pack III/Serenade of Dreams/Serenade_of_Dreams_[Piano Only].wav using Guid(05f9219fe9c6de141a639566d33c0f7d) Importer(815301076,1909f56bfc062723c751e8b465ee728b)  -> (artifact id: '323d1054e7b8daee381b8d7c55c41128') in 0.036411 seconds
Number of updated asset objects reloaded before import = 0
Number of asset objects unloaded after import = 2
========================================================================
Received Import Request.
  Time since last request: 12.440635 seconds.
  path: Assets/RPG Starter Pack III/Titan March/Titan_March_[Full Song].wav
  artifactKey: Guid(124bea4ef476ec2498cc2cd9c8c7d79d) Importer(815301076,1909f56bfc062723c751e8b465ee728b)
Start importing Assets/RPG Starter Pack III/Titan March/Titan_March_[Full Song].wav using Guid(124bea4ef476ec2498cc2cd9c8c7d79d) Importer(815301076,1909f56bfc062723c751e8b465ee728b)  -> (artifact id: '6b6429ffb85a0bea0f939ac81b5430bf') in 0.039361 seconds
Number of updated asset objects reloaded before import = 0
Number of asset objects unloaded after import = 2
========================================================================
Received Import Request.
  Time since last request: 0.000135 seconds.
  path: Assets/RPG Starter Pack III/Titan March/Titan_March_[Light].wav
  artifactKey: Guid(bd68a84e2e1260b4b8df29bdd09bac1d) Importer(815301076,1909f56bfc062723c751e8b465ee728b)
Start importing Assets/RPG Starter Pack III/Titan March/Titan_March_[Light].wav using Guid(bd68a84e2e1260b4b8df29bdd09bac1d) Importer(815301076,1909f56bfc062723c751e8b465ee728b)  -> (artifact id: '450188e35764efd11f27e855b7fab07a') in 0.033063 seconds
Number of updated asset objects reloaded before import = 0
Number of asset objects unloaded after import = 2
========================================================================
Received Import Request.
  Time since last request: 624.687766 seconds.
  path: Assets/Action RPG Music 1.6/BGM01hero.wav
  artifactKey: Guid(ed0c0c828c2c4ba478d82c99bc97b04c) Importer(815301076,1909f56bfc062723c751e8b465ee728b)
Start importing Assets/Action RPG Music 1.6/BGM01hero.wav using Guid(ed0c0c828c2c4ba478d82c99bc97b04c) Importer(815301076,1909f56bfc062723c751e8b465ee728b)  -> (artifact id: 'e4982a0e7366e445bb246f84c8c2b788') in 0.046383 seconds
Number of updated asset objects reloaded before import = 0
Number of asset objects unloaded after import = 2
========================================================================
Received Import Request.
  Time since last request: 0.000050 seconds.
  path: Assets/Action RPG Music 1.6/BGM04Town1.wav
  artifactKey: Guid(26c2ff7d3aa63c447885ce833d4e2fb6) Importer(815301076,1909f56bfc062723c751e8b465ee728b)
Start importing Assets/Action RPG Music 1.6/BGM04Town1.wav using Guid(26c2ff7d3aa63c447885ce833d4e2fb6) Importer(815301076,1909f56bfc062723c751e8b465ee728b)  -> (artifact id: 'b28a41186a2c60f0499a81b51dbdc0e8') in 0.047753 seconds
Number of updated asset objects reloaded before import = 0
Number of asset objects unloaded after import = 2
========================================================================
Received Import Request.
  Time since last request: 0.000071 seconds.
  path: Assets/Action RPG Music 1.6/BGM07battle3.wav
  artifactKey: Guid(7ea7a3636bba6c847831a5e6b95ca193) Importer(815301076,1909f56bfc062723c751e8b465ee728b)
Start importing Assets/Action RPG Music 1.6/BGM07battle3.wav using Guid(7ea7a3636bba6c847831a5e6b95ca193) Importer(815301076,1909f56bfc062723c751e8b465ee728b)  -> (artifact id: '3398ec954c9eeaa743c2f4284f5d9da8') in 0.050921 seconds
Number of updated asset objects reloaded before import = 0
Number of asset objects unloaded after import = 2
========================================================================
Received Import Request.
  Time since last request: 0.000029 seconds.
  path: Assets/Action RPG Music 1.6/BGM04town4.wav
  artifactKey: Guid(23e8faf69e5eb5748818b5db878e3186) Importer(815301076,1909f56bfc062723c751e8b465ee728b)
Start importing Assets/Action RPG Music 1.6/BGM04town4.wav using Guid(23e8faf69e5eb5748818b5db878e3186) Importer(815301076,1909f56bfc062723c751e8b465ee728b)  -> (artifact id: '0b149e4fe53724571c75c73d09bbb591') in 0.054414 seconds
Number of updated asset objects reloaded before import = 0
Number of asset objects unloaded after import = 2
========================================================================
Received Import Request.
  Time since last request: 0.000029 seconds.
  path: Assets/Action RPG Music 1.6/BGM04towngypsy5.wav
  artifactKey: Guid(bf97400365f904344b4cf3bfa1beeb0c) Importer(815301076,1909f56bfc062723c751e8b465ee728b)
Start importing Assets/Action RPG Music 1.6/BGM04towngypsy5.wav using Guid(bf97400365f904344b4cf3bfa1beeb0c) Importer(815301076,1909f56bfc062723c751e8b465ee728b)  -> (artifact id: 'ca594aae7fa477dd0cd0518518791950') in 0.046330 seconds
Number of updated asset objects reloaded before import = 0
Number of asset objects unloaded after import = 2
========================================================================
Received Import Request.
  Time since last request: 0.000035 seconds.
  path: Assets/Action RPG Music 1.6/BGM02evil.wav
  artifactKey: Guid(532daca5960c6eb429376d646f93e9f5) Importer(815301076,1909f56bfc062723c751e8b465ee728b)
Start importing Assets/Action RPG Music 1.6/BGM02evil.wav using Guid(532daca5960c6eb429376d646f93e9f5) Importer(815301076,1909f56bfc062723c751e8b465ee728b)  -> (artifact id: 'e89b76ff2ead69d0f580c86ea04cafbd') in 0.040865 seconds
Number of updated asset objects reloaded before import = 0
Number of asset objects unloaded after import = 2
========================================================================
Received Import Request.
  Time since last request: 0.000031 seconds.
  path: Assets/Action RPG Music 1.6/BGM04town0.wav
  artifactKey: Guid(8e57c40f7980f674aa0191429ce1352d) Importer(815301076,1909f56bfc062723c751e8b465ee728b)
Start importing Assets/Action RPG Music 1.6/BGM04town0.wav using Guid(8e57c40f7980f674aa0191429ce1352d) Importer(815301076,1909f56bfc062723c751e8b465ee728b)  -> (artifact id: 'bfa0de9b6b6949921c7feb53bb5c201d') in 0.037995 seconds
Number of updated asset objects reloaded before import = 0
Number of asset objects unloaded after import = 2
========================================================================
Received Import Request.
  Time since last request: 0.000029 seconds.
  path: Assets/Action RPG Music 1.6/BGM07battle4.wav
  artifactKey: Guid(c091f82a317088547b1e89353eb32e51) Importer(815301076,1909f56bfc062723c751e8b465ee728b)
Start importing Assets/Action RPG Music 1.6/BGM07battle4.wav using Guid(c091f82a317088547b1e89353eb32e51) Importer(815301076,1909f56bfc062723c751e8b465ee728b)  -> (artifact id: 'abc7e3796b82b0f8a96d9f1bb85c8bf2') in 0.047596 seconds
Number of updated asset objects reloaded before import = 0
Number of asset objects unloaded after import = 2
========================================================================
Received Import Request.
  Time since last request: 0.000046 seconds.
  path: Assets/Action RPG Music 1.6/BGM04town3.wav
  artifactKey: Guid(ac596879c2a33fb4f90d7caee30d0510) Importer(815301076,1909f56bfc062723c751e8b465ee728b)
Start importing Assets/Action RPG Music 1.6/BGM04town3.wav using Guid(ac596879c2a33fb4f90d7caee30d0510) Importer(815301076,1909f56bfc062723c751e8b465ee728b)  -> (artifact id: '649f621f90ef147b34d577f581258b22') in 0.053636 seconds
Number of updated asset objects reloaded before import = 0
Number of asset objects unloaded after import = 2
========================================================================
Received Import Request.
  Time since last request: 0.000042 seconds.
  path: Assets/Action RPG Music 1.6/BGM06adventure1.wav
  artifactKey: Guid(f08f484b59f51e14880e1b253556907b) Importer(815301076,1909f56bfc062723c751e8b465ee728b)
Start importing Assets/Action RPG Music 1.6/BGM06adventure1.wav using Guid(f08f484b59f51e14880e1b253556907b) Importer(815301076,1909f56bfc062723c751e8b465ee728b)  -> (artifact id: '426beb6dc07c6820f7d642705e7df7e0') in 0.042911 seconds
Number of updated asset objects reloaded before import = 0
Number of asset objects unloaded after import = 2
========================================================================
Received Import Request.
  Time since last request: 0.000037 seconds.
  path: Assets/Action RPG Music 1.6/BGM04town2.wav
  artifactKey: Guid(c94cf4c03aae0b74d95281615b5011d2) Importer(815301076,1909f56bfc062723c751e8b465ee728b)
Start importing Assets/Action RPG Music 1.6/BGM04town2.wav using Guid(c94cf4c03aae0b74d95281615b5011d2) Importer(815301076,1909f56bfc062723c751e8b465ee728b)  -> (artifact id: '2879dbe89cf6456b797ac9aaf345462a') in 0.042936 seconds
Number of updated asset objects reloaded before import = 0
Number of asset objects unloaded after import = 2
========================================================================
Received Import Request.
  Time since last request: 0.316420 seconds.
  path: Assets/Action RPG Music 1.6/BGM08boss2.wav
  artifactKey: Guid(0b8e5bc1987eeb54896c6b398776db0c) Importer(815301076,1909f56bfc062723c751e8b465ee728b)
Start importing Assets/Action RPG Music 1.6/BGM08boss2.wav using Guid(0b8e5bc1987eeb54896c6b398776db0c) Importer(815301076,1909f56bfc062723c751e8b465ee728b)  -> (artifact id: 'c2ba62d6ac6ef60f3bd1697b21749f2f') in 0.065495 seconds
Number of updated asset objects reloaded before import = 0
Number of asset objects unloaded after import = 2
========================================================================
Received Import Request.
  Time since last request: 0.000048 seconds.
  path: Assets/Action RPG Music 1.6/BGM10desert1.wav
  artifactKey: Guid(aad1eabe8fbce1e45acc860aa1dc2a23) Importer(815301076,1909f56bfc062723c751e8b465ee728b)
Start importing Assets/Action RPG Music 1.6/BGM10desert1.wav using Guid(aad1eabe8fbce1e45acc860aa1dc2a23) Importer(815301076,1909f56bfc062723c751e8b465ee728b)  -> (artifact id: '798d878b7f0200dc2e59c0159de23eae') in 0.051140 seconds
Number of updated asset objects reloaded before import = 0
Number of asset objects unloaded after import = 2
========================================================================
Received Import Request.
  Time since last request: 0.000039 seconds.
  path: Assets/Action RPG Music 1.6/BGM09credits.wav
  artifactKey: Guid(236a7490ad4cd0c4a9400dde877d5016) Importer(815301076,1909f56bfc062723c751e8b465ee728b)
Start importing Assets/Action RPG Music 1.6/BGM09credits.wav using Guid(236a7490ad4cd0c4a9400dde877d5016) Importer(815301076,1909f56bfc062723c751e8b465ee728b)  -> (artifact id: '70c2d1268568c3a179f59adb12413fbd') in 0.073174 seconds
Number of updated asset objects reloaded before import = 0
Number of asset objects unloaded after import = 2
========================================================================
Received Import Request.
  Time since last request: 0.000051 seconds.
  path: Assets/Action RPG Music 1.6/BGM12dungeon1.wav
  artifactKey: Guid(6e00323df0ce1ee4e8279032835ba3e8) Importer(815301076,1909f56bfc062723c751e8b465ee728b)
Start importing Assets/Action RPG Music 1.6/BGM12dungeon1.wav using Guid(6e00323df0ce1ee4e8279032835ba3e8) Importer(815301076,1909f56bfc062723c751e8b465ee728b)  -> (artifact id: 'e50c32a56eb54513b9f8947cbc7ac44f') in 0.048016 seconds
Number of updated asset objects reloaded before import = 0
Number of asset objects unloaded after import = 2
========================================================================
Received Import Request.
  Time since last request: 0.000043 seconds.
  path: Assets/Action RPG Music 1.6/BGM15shrine.wav
  artifactKey: Guid(dd62a65a0095e754d9d20ad36f323224) Importer(815301076,1909f56bfc062723c751e8b465ee728b)
Start importing Assets/Action RPG Music 1.6/BGM15shrine.wav using Guid(dd62a65a0095e754d9d20ad36f323224) Importer(815301076,1909f56bfc062723c751e8b465ee728b)  -> (artifact id: '6114948394777466450a9612cca9e8c4') in 0.042565 seconds
Number of updated asset objects reloaded before import = 0
Number of asset objects unloaded after import = 2
========================================================================
Received Import Request.
  Time since last request: 0.000056 seconds.
  path: Assets/Action RPG Music 1.6/BGM14chase.wav
  artifactKey: Guid(bebb0c0f89b825545a43564714dc000d) Importer(815301076,1909f56bfc062723c751e8b465ee728b)
Start importing Assets/Action RPG Music 1.6/BGM14chase.wav using Guid(bebb0c0f89b825545a43564714dc000d) Importer(815301076,1909f56bfc062723c751e8b465ee728b)  -> (artifact id: 'f235c9bd5b7175c3e4106131f1de82f0') in 0.042567 seconds
Number of updated asset objects reloaded before import = 0
Number of asset objects unloaded after import = 2
========================================================================
Received Import Request.
  Time since last request: 0.030990 seconds.
  path: Assets/Action RPG Music 1.6/BGM18potionstore.wav
  artifactKey: Guid(28a2003190a562e4fb0396186606026d) Importer(815301076,1909f56bfc062723c751e8b465ee728b)
Start importing Assets/Action RPG Music 1.6/BGM18potionstore.wav using Guid(28a2003190a562e4fb0396186606026d) Importer(815301076,1909f56bfc062723c751e8b465ee728b)  -> (artifact id: '141e08ca6fe103f6df5fa277995c0f82') in 0.035965 seconds
Number of updated asset objects reloaded before import = 0
Number of asset objects unloaded after import = 2
========================================================================
Received Import Request.
  Time since last request: 0.000040 seconds.
  path: Assets/Action RPG Music 1.6/MS01triumph3NL.wav
  artifactKey: Guid(b938ce4dd1efd144ebf397ff9b3baf22) Importer(815301076,1909f56bfc062723c751e8b465ee728b)
Start importing Assets/Action RPG Music 1.6/MS01triumph3NL.wav using Guid(b938ce4dd1efd144ebf397ff9b3baf22) Importer(815301076,1909f56bfc062723c751e8b465ee728b)  -> (artifact id: '2b2f161a4b7e0da53985c53410705a08') in 0.022679 seconds
Number of updated asset objects reloaded before import = 0
Number of asset objects unloaded after import = 2
========================================================================
Received Import Request.
  Time since last request: 0.000035 seconds.
  path: Assets/Action RPG Music 1.6/MS04completionNL.wav
  artifactKey: Guid(1593fb95f40f72c4688458bdf85d2cb4) Importer(815301076,1909f56bfc062723c751e8b465ee728b)
Start importing Assets/Action RPG Music 1.6/MS04completionNL.wav using Guid(1593fb95f40f72c4688458bdf85d2cb4) Importer(815301076,1909f56bfc062723c751e8b465ee728b)  -> (artifact id: '59b4bde90172d86556e96cc0f35e3604') in 0.025675 seconds
Number of updated asset objects reloaded before import = 0
Number of asset objects unloaded after import = 2
========================================================================
Received Import Request.
  Time since last request: 0.000025 seconds.
  path: Assets/Action RPG Music 1.6/MS06door1NL.wav
  artifactKey: Guid(b9cc6bd3391b537418ea1ac0dc7c47d8) Importer(815301076,1909f56bfc062723c751e8b465ee728b)
Start importing Assets/Action RPG Music 1.6/MS06door1NL.wav using Guid(b9cc6bd3391b537418ea1ac0dc7c47d8) Importer(815301076,1909f56bfc062723c751e8b465ee728b)  -> (artifact id: '1f2c0a5e61a35795c21c85854c72720c') in 0.027957 seconds
Number of updated asset objects reloaded before import = 0
Number of asset objects unloaded after import = 2
========================================================================
Received Import Request.
  Time since last request: 0.000058 seconds.
  path: Assets/Action RPG Music 1.6/MS07entranceNL.wav
  artifactKey: Guid(ca6e7bc98f90e9346a0d7151c996637b) Importer(815301076,1909f56bfc062723c751e8b465ee728b)
Start importing Assets/Action RPG Music 1.6/MS07entranceNL.wav using Guid(ca6e7bc98f90e9346a0d7151c996637b) Importer(815301076,1909f56bfc062723c751e8b465ee728b)  -> (artifact id: 'b952ac70e0e68996c350b7b256df3cbe') in 0.030516 seconds
Number of updated asset objects reloaded before import = 0
Number of asset objects unloaded after import = 2
========================================================================
Received Import Request.
  Time since last request: 0.000034 seconds.
  path: Assets/Action RPG Music 1.6/MS03discoveryNL.wav
  artifactKey: Guid(4b412e6ace2488544be69140a00d14b6) Importer(815301076,1909f56bfc062723c751e8b465ee728b)
Start importing Assets/Action RPG Music 1.6/MS03discoveryNL.wav using Guid(4b412e6ace2488544be69140a00d14b6) Importer(815301076,1909f56bfc062723c751e8b465ee728b)  -> (artifact id: 'b241710438af746e9963d58b65ff5fa7') in 0.029179 seconds
Number of updated asset objects reloaded before import = 0
Number of asset objects unloaded after import = 2
========================================================================
Received Import Request.
  Time since last request: 0.000026 seconds.
  path: Assets/Action RPG Music 1.6/MS05secret2NL.wav
  artifactKey: Guid(d1fe8d62cbb7dfa4498d88528d15fee9) Importer(815301076,1909f56bfc062723c751e8b465ee728b)
Start importing Assets/Action RPG Music 1.6/MS05secret2NL.wav using Guid(d1fe8d62cbb7dfa4498d88528d15fee9) Importer(815301076,1909f56bfc062723c751e8b465ee728b)  -> (artifact id: '79b71d94321de9a102b714fd5d1847e0') in 0.028188 seconds
Number of updated asset objects reloaded before import = 0
Number of asset objects unloaded after import = 2
========================================================================
Received Import Request.
  Time since last request: 0.000040 seconds.
  path: Assets/Action RPG Music 1.6/MS05secret1NL.wav
  artifactKey: Guid(51d59bd713de1214394e1925ff4b5fbf) Importer(815301076,1909f56bfc062723c751e8b465ee728b)
Start importing Assets/Action RPG Music 1.6/MS05secret1NL.wav using Guid(51d59bd713de1214394e1925ff4b5fbf) Importer(815301076,1909f56bfc062723c751e8b465ee728b)  -> (artifact id: 'cd6e0741109b911f3edebb1700c8ce68') in 0.025766 seconds
Number of updated asset objects reloaded before import = 0
Number of asset objects unloaded after import = 2
========================================================================
Received Import Request.
  Time since last request: 0.350835 seconds.
  path: Assets/Action RPG Music 1.6/MS09short1NL.wav
  artifactKey: Guid(a192671434915bf4daa926453cdebe6c) Importer(815301076,1909f56bfc062723c751e8b465ee728b)
Start importing Assets/Action RPG Music 1.6/MS09short1NL.wav using Guid(a192671434915bf4daa926453cdebe6c) Importer(815301076,1909f56bfc062723c751e8b465ee728b)  -> (artifact id: '3d1a41852c425bc3ea9bbf729bdf5797') in 0.046862 seconds
Number of updated asset objects reloaded before import = 0
Number of asset objects unloaded after import = 2
========================================================================
Received Import Request.
  Time since last request: 0.000060 seconds.
  path: Assets/Action RPG Music 1.6/MS09short2NL.wav
  artifactKey: Guid(df53b09f34eeea943b26e200cf3abf3c) Importer(815301076,1909f56bfc062723c751e8b465ee728b)
Start importing Assets/Action RPG Music 1.6/MS09short2NL.wav using Guid(df53b09f34eeea943b26e200cf3abf3c) Importer(815301076,1909f56bfc062723c751e8b465ee728b)  -> (artifact id: '975e30b7900d1cd0e70895d170bcf30d') in 0.040942 seconds
Number of updated asset objects reloaded before import = 0
Number of asset objects unloaded after import = 2
========================================================================
Received Import Request.
  Time since last request: 4.375638 seconds.
  path: Assets/Action RPG Music 1.6/Outdated tracks/OLDBGM04town8.wav
  artifactKey: Guid(07543cbd75a979c4c86c5c53da4b4235) Importer(815301076,1909f56bfc062723c751e8b465ee728b)
Start importing Assets/Action RPG Music 1.6/Outdated tracks/OLDBGM04town8.wav using Guid(07543cbd75a979c4c86c5c53da4b4235) Importer(815301076,1909f56bfc062723c751e8b465ee728b)  -> (artifact id: '8e00e60477d3d935bdfcddf49e37374c') in 0.052141 seconds
Number of updated asset objects reloaded before import = 0
Number of asset objects unloaded after import = 2
========================================================================
Received Import Request.
  Time since last request: 0.000032 seconds.
  path: Assets/Action RPG Music 1.6/Outdated tracks/OLDBGM16forest3.wav
  artifactKey: Guid(68d07e3b0e41d134fb2f96cb6ea62cbd) Importer(815301076,1909f56bfc062723c751e8b465ee728b)
Start importing Assets/Action RPG Music 1.6/Outdated tracks/OLDBGM16forest3.wav using Guid(68d07e3b0e41d134fb2f96cb6ea62cbd) Importer(815301076,1909f56bfc062723c751e8b465ee728b)  -> (artifact id: '7d4dc7d9d84ecb6177ed5424c39a0fb1') in 0.048937 seconds
Number of updated asset objects reloaded before import = 0
Number of asset objects unloaded after import = 2
========================================================================
Received Import Request.
  Time since last request: 0.000044 seconds.
  path: Assets/Action RPG Music 1.6/Outdated tracks/OLDBGM04townandean6.wav
  artifactKey: Guid(8b4402e65a67b464888becf67baa2c56) Importer(815301076,1909f56bfc062723c751e8b465ee728b)
Start importing Assets/Action RPG Music 1.6/Outdated tracks/OLDBGM04townandean6.wav using Guid(8b4402e65a67b464888becf67baa2c56) Importer(815301076,1909f56bfc062723c751e8b465ee728b)  -> (artifact id: '13d818996b2f7ae50e85f47c233af915') in 0.049614 seconds
Number of updated asset objects reloaded before import = 0
Number of asset objects unloaded after import = 2
========================================================================
Received Import Request.
  Time since last request: 0.000068 seconds.
  path: Assets/Action RPG Music 1.6/Outdated tracks/OLDBGM17cave3.wav
  artifactKey: Guid(f080fbadd4862b943913a324dc430c6b) Importer(815301076,1909f56bfc062723c751e8b465ee728b)
Start importing Assets/Action RPG Music 1.6/Outdated tracks/OLDBGM17cave3.wav using Guid(f080fbadd4862b943913a324dc430c6b) Importer(815301076,1909f56bfc062723c751e8b465ee728b)  -> (artifact id: 'c1a9fe4dd873a3893a717e45c5e09aa9') in 0.040813 seconds
Number of updated asset objects reloaded before import = 0
Number of asset objects unloaded after import = 2
========================================================================
Received Import Request.
  Time since last request: 0.000064 seconds.
  path: Assets/Action RPG Music 1.6/Outdated tracks/OLDBGM05castle3.wav
  artifactKey: Guid(36362f3110bca1a42ba6cf3dc23effc7) Importer(815301076,1909f56bfc062723c751e8b465ee728b)
Start importing Assets/Action RPG Music 1.6/Outdated tracks/OLDBGM05castle3.wav using Guid(36362f3110bca1a42ba6cf3dc23effc7) Importer(815301076,1909f56bfc062723c751e8b465ee728b)  -> (artifact id: '5556bdc81f81bd5a183608b17e9dddbc') in 0.048825 seconds
Number of updated asset objects reloaded before import = 0
Number of asset objects unloaded after import = 2
========================================================================
Received Import Request.
  Time since last request: 0.000038 seconds.
  path: Assets/Action RPG Music 1.6/Outdated tracks/OLDBGM17cave1.wav
  artifactKey: Guid(d14822718eb9c0340b06b692f3dcb324) Importer(815301076,1909f56bfc062723c751e8b465ee728b)
Start importing Assets/Action RPG Music 1.6/Outdated tracks/OLDBGM17cave1.wav using Guid(d14822718eb9c0340b06b692f3dcb324) Importer(815301076,1909f56bfc062723c751e8b465ee728b)  -> (artifact id: '1eb962d07b0a1a95e16b70261aa228fb') in 0.043705 seconds
Number of updated asset objects reloaded before import = 0
Number of asset objects unloaded after import = 2
========================================================================
Received Import Request.
  Time since last request: 0.000033 seconds.
  path: Assets/Action RPG Music 1.6/Outdated tracks/OLDBGM05castle2.wav
  artifactKey: Guid(275eb75c93a2ce240936604da5f46039) Importer(815301076,1909f56bfc062723c751e8b465ee728b)
Start importing Assets/Action RPG Music 1.6/Outdated tracks/OLDBGM05castle2.wav using Guid(275eb75c93a2ce240936604da5f46039) Importer(815301076,1909f56bfc062723c751e8b465ee728b)  -> (artifact id: 'bd5da9f16451d973d7227b4a4e33b909') in 0.070125 seconds
Number of updated asset objects reloaded before import = 0
Number of asset objects unloaded after import = 2
========================================================================
Received Import Request.
  Time since last request: 0.000047 seconds.
  path: Assets/Action RPG Music 1.6/Outdated tracks/OLDBGM10desert2.wav
  artifactKey: Guid(2d9ab0f8c884ded4c8a00bdc1d7a4d0b) Importer(815301076,1909f56bfc062723c751e8b465ee728b)
Start importing Assets/Action RPG Music 1.6/Outdated tracks/OLDBGM10desert2.wav using Guid(2d9ab0f8c884ded4c8a00bdc1d7a4d0b) Importer(815301076,1909f56bfc062723c751e8b465ee728b)  -> (artifact id: '3223bd0d785c445ac3ab948c1d37ea49') in 0.044876 seconds
Number of updated asset objects reloaded before import = 0
Number of asset objects unloaded after import = 2
========================================================================
Received Import Request.
  Time since last request: 684.562469 seconds.
  path: Assets/Action RPG Music 1.6/Outdated tracks/OLDBGM17island1v2.wav
  artifactKey: Guid(a27a9e1c8f043fe499cbeb5969b7e862) Importer(815301076,1909f56bfc062723c751e8b465ee728b)
Start importing Assets/Action RPG Music 1.6/Outdated tracks/OLDBGM17island1v2.wav using Guid(a27a9e1c8f043fe499cbeb5969b7e862) Importer(815301076,1909f56bfc062723c751e8b465ee728b)  -> (artifact id: '63ead496ea3fc638c087ddfa9e8def5d') in 2.114145 seconds
Number of updated asset objects reloaded before import = 0
Number of asset objects unloaded after import = 2
========================================================================
Received Import Request.
  Time since last request: 0.000026 seconds.
  path: Assets/Action RPG Music 1.6/Outdated tracks/OLDBGM17island2.wav
  artifactKey: Guid(40dc93286e0d2b24a908159ad80fa28c) Importer(815301076,1909f56bfc062723c751e8b465ee728b)
Start importing Assets/Action RPG Music 1.6/Outdated tracks/OLDBGM17island2.wav using Guid(40dc93286e0d2b24a908159ad80fa28c) Importer(815301076,1909f56bfc062723c751e8b465ee728b)  -> (artifact id: '111f64f095dee2be2e4ff10b40a3ebc1') in 0.043584 seconds
Number of updated asset objects reloaded before import = 0
Number of asset objects unloaded after import = 2
========================================================================
Received Import Request.
  Time since last request: 0.000039 seconds.
  path: Assets/Action RPG Music 1.6/Outdated tracks/OLDBGM19minigame1.wav
  artifactKey: Guid(dfb34ca920004fc4ab5a8ae8a21de671) Importer(815301076,1909f56bfc062723c751e8b465ee728b)
Start importing Assets/Action RPG Music 1.6/Outdated tracks/OLDBGM19minigame1.wav using Guid(dfb34ca920004fc4ab5a8ae8a21de671) Importer(815301076,1909f56bfc062723c751e8b465ee728b)  -> (artifact id: '888c51ff7427e1e02c8402c70f243c27') in 0.034263 seconds
Number of updated asset objects reloaded before import = 0
Number of asset objects unloaded after import = 2
========================================================================
Received Import Request.
  Time since last request: 0.000038 seconds.
  path: Assets/Action RPG Music 1.6/Outdated tracks/OLDMS02gameover7NL.wav
  artifactKey: Guid(b936ac504dccc9b4984b92394565e7eb) Importer(815301076,1909f56bfc062723c751e8b465ee728b)
Start importing Assets/Action RPG Music 1.6/Outdated tracks/OLDMS02gameover7NL.wav using Guid(b936ac504dccc9b4984b92394565e7eb) Importer(815301076,1909f56bfc062723c751e8b465ee728b)  -> (artifact id: 'aad48c61dc0bed2e53bb0e6c68bfea19') in 0.029891 seconds
Number of updated asset objects reloaded before import = 0
Number of asset objects unloaded after import = 2
========================================================================
Received Import Request.
  Time since last request: 0.000038 seconds.
  path: Assets/Action RPG Music 1.6/Outdated tracks/OLDBGM18bar2NL.wav
  artifactKey: Guid(644d355041b922543bc767c4edf8812d) Importer(815301076,1909f56bfc062723c751e8b465ee728b)
Start importing Assets/Action RPG Music 1.6/Outdated tracks/OLDBGM18bar2NL.wav using Guid(644d355041b922543bc767c4edf8812d) Importer(815301076,1909f56bfc062723c751e8b465ee728b)  -> (artifact id: '9332aa32e30eabde89bea318790a7da9') in 0.061589 seconds
Number of updated asset objects reloaded before import = 0
Number of asset objects unloaded after import = 2
========================================================================
Received Import Request.
  Time since last request: 0.000046 seconds.
  path: Assets/Action RPG Music 1.6/Outdated tracks/OLDMS09short4NL.wav
  artifactKey: Guid(27298fad8d440b7459b8eaedcada2086) Importer(815301076,1909f56bfc062723c751e8b465ee728b)
Start importing Assets/Action RPG Music 1.6/Outdated tracks/OLDMS09short4NL.wav using Guid(27298fad8d440b7459b8eaedcada2086) Importer(815301076,1909f56bfc062723c751e8b465ee728b)  -> (artifact id: '0e1c64dd3ff87835b48f3e7643f9baf1') in 0.036508 seconds
Number of updated asset objects reloaded before import = 0
Number of asset objects unloaded after import = 2
